Log for "IsoTestLaz".
  Started on 2021-06-21 at 17:15:06.
  Castle Game Engine version: 7.0-alpha.snapshot (unstable).
  Compiled with FPC 3.2.0.
  Platform: Desktop, OS: Linux, CPU: x86_64 (64-bit).
LibPng detected (version 1.6.37).
OpenAL library not found
FormCreate : 1624292106.281 : 
-------------------- Rendering Context Initialization begin
OpenGL information (detected by IsoTestLaz):

--------
Version:
  Version string: 4.6.0 NVIDIA 390.143
  Version parsed: major: 4, minor: 6, release exists: True, release: 0, vendor-specific information: "NVIDIA 390.143"
  Vendor-specific version parsed: major: 390, minor: 143, release: 0
  Vendor: NVIDIA Corporation
  Vendor type: Nvidia

  Renderer: GeForce GT 520M/PCIe/SSE2
  Fglrx (ATI on Linux): False
  Mesa: False

  Buggy glGenerateMipmap(EXT): False
  Buggy GL_LIGHT_MODEL_TWO_SIDE: False
  Buggy VBO: False
  Buggy shader shadow map: False
  Buggy FBO rendering to multi-sampling texture: False
  Buggy FBO rendering to cube map texture: False
  Buggy swap buffers with non-standard glViewport: False
  Buggy 32-bit depth buffer: False
  Buggy GLSL gl_FrontFacing: False
  Buggy GLSL read varying: False
  Buggy Pure Shader Pipeline: False
  Buggy Texture Size Above 2048: False

------------------------
Real versions available:
(checks both version string and actual functions availability in GL library, to secure from buggy implementations)

  1.2: True
  1.3: True
  1.4: True
  1.5: True
  2.0: True
  2.1: True
  3.0: True
  3.1: True
  3.2: True
  3.3: True
  4.0: True

---------
Features:
  Shaders (GLSL) support: Standard
  => Enable deprecated (fixed-function) support: False
  Multi-texturing: True
  Framebuffer Object: Standard (or ARB "core extension")
  Multi-sampling for FBO buffers and textures: True
  Vertex Buffer Object: True
  GenerateMipmap available (and reliable): True
  Cube map textures: Standard
  Compressed textures supported: [DXT1_RGB, DXT1_RGBA, DXT3, DXT5]
  3D textures: Standard
  Textures non-power-of-2: True
  Blend constant parameter: True
  Float textures: True
  Depth textures: True
  Packed depth + stencil: True

  All extensions: GL_AMD_multi_draw_indirect GL_ARB_arrays_of_arrays GL_ARB_base_instance GL_ARB_blend_func_extended GL_ARB_buffer_storage GL_ARB_clear_buffer_object GL_ARB_clear_texture GL_ARB_clip_control GL_ARB_color_buffer_float GL_ARB_compatibility GL_ARB_compressed_texture_pixel_storage GL_ARB_conservative_depth GL_ARB_compute_shader GL_ARB_compute_variable_group_size GL_ARB_conditional_render_inverted GL_ARB_copy_buffer GL_ARB_copy_image GL_ARB_cull_distance GL_ARB_debug_output GL_ARB_depth_buffer_float GL_ARB_depth_clamp GL_ARB_depth_texture GL_ARB_derivative_control GL_ARB_direct_state_access GL_ARB_draw_buffers GL_ARB_draw_buffers_blend GL_ARB_draw_indirect GL_ARB_draw_elements_base_vertex GL_ARB_draw_instanced GL_ARB_enhanced_layouts GL_ARB_ES2_compatibility GL_ARB_ES3_compatibility GL_ARB_ES3_1_compatibility GL_ARB_ES3_2_compatibility GL_ARB_explicit_attrib_location GL_ARB_explicit_uniform_location GL_ARB_fragment_coord_conventions GL_ARB_fragment_layer_viewport GL_ARB_fragment_program GL_ARB_fragment_program_shadow GL_ARB_fragment_shader GL_ARB_framebuffer_no_attachments GL_ARB_framebuffer_object GL_ARB_framebuffer_sRGB GL_ARB_geometry_shader4 GL_ARB_get_program_binary GL_ARB_get_texture_sub_image GL_ARB_gl_spirv GL_ARB_gpu_shader5 GL_ARB_gpu_shader_fp64 GL_ARB_gpu_shader_int64 GL_ARB_half_float_pixel GL_ARB_half_float_vertex GL_ARB_imaging GL_ARB_indirect_parameters GL_ARB_instanced_arrays GL_ARB_internalformat_query GL_ARB_internalformat_query2 GL_ARB_invalidate_subdata GL_ARB_map_buffer_alignment GL_ARB_map_buffer_range GL_ARB_multi_bind GL_ARB_multi_draw_indirect GL_ARB_multisample GL_ARB_multitexture GL_ARB_occlusion_query GL_ARB_occlusion_query2 GL_ARB_parallel_shader_compile GL_ARB_pipeline_statistics_query GL_ARB_pixel_buffer_object GL_ARB_point_parameters GL_ARB_point_sprite GL_ARB_polygon_offset_clamp GL_ARB_program_interface_query GL_ARB_provoking_vertex GL_ARB_query_buffer_object GL_ARB_robust_buffer_access_behavior GL_ARB_robustness GL_ARB_sample_shading GL_ARB_sampler_objects GL_ARB_seamless_cube_map GL_ARB_separate_shader_objects GL_ARB_shader_atomic_counter_ops GL_ARB_shader_atomic_counters GL_ARB_shader_bit_encoding GL_ARB_shader_draw_parameters GL_ARB_shader_group_vote GL_ARB_shader_image_load_store GL_ARB_shader_image_size GL_ARB_shader_objects GL_ARB_shader_precision GL_ARB_shader_storage_buffer_object GL_ARB_shader_subroutine GL_ARB_shader_texture_image_samples GL_ARB_shader_texture_lod GL_ARB_shading_language_100 GL_ARB_shading_language_420pack GL_ARB_shading_language_include GL_ARB_shading_language_packing GL_ARB_shadow GL_ARB_sparse_buffer GL_ARB_sparse_texture GL_ARB_spirv_extensions GL_ARB_stencil_texturing GL_ARB_sync GL_ARB_tessellation_shader GL_ARB_texture_barrier GL_ARB_texture_border_clamp GL_ARB_texture_buffer_object GL_ARB_texture_buffer_object_rgb32 GL_ARB_texture_buffer_range GL_ARB_texture_compression GL_ARB_texture_compression_bptc GL_ARB_texture_compression_rgtc GL_ARB_texture_cube_map GL_ARB_texture_cube_map_array GL_ARB_texture_env_add GL_ARB_texture_env_combine GL_ARB_texture_env_crossbar GL_ARB_texture_env_dot3 GL_ARB_texture_filter_anisotropic GL_ARB_texture_float GL_ARB_texture_gather GL_ARB_texture_mirror_clamp_to_edge GL_ARB_texture_mirrored_repeat GL_ARB_texture_multisample GL_ARB_texture_non_power_of_two GL_ARB_texture_query_levels GL_ARB_texture_query_lod GL_ARB_texture_rectangle GL_ARB_texture_rg GL_ARB_texture_rgb10_a2ui GL_ARB_texture_stencil8 GL_ARB_texture_storage GL_ARB_texture_storage_multisample GL_ARB_texture_swizzle GL_ARB_texture_view GL_ARB_timer_query GL_ARB_transform_feedback2 GL_ARB_transform_feedback3 GL_ARB_transform_feedback_instanced GL_ARB_transform_feedback_overflow_query GL_ARB_transpose_matrix GL_ARB_uniform_buffer_object GL_ARB_vertex_array_bgra GL_ARB_vertex_array_object GL_ARB_vertex_attrib_64bit GL_ARB_vertex_attrib_binding GL_ARB_vertex_buffer_object GL_ARB_vertex_program GL_ARB_vertex_shader GL_ARB_vertex_type_10f_11f_11f_rev GL_ARB_vertex_type_2_10_10_10_rev GL_ARB_viewport_array GL_ARB_window_pos GL_ATI_draw_buffers GL_ATI_texture_float GL_ATI_texture_mirror_once GL_S3_s3tc GL_EXT_texture_env_add GL_EXT_abgr GL_EXT_bgra GL_EXT_bindable_uniform GL_EXT_blend_color GL_EXT_blend_equation_separate GL_EXT_blend_func_separate GL_EXT_blend_minmax GL_EXT_blend_subtract GL_EXT_compiled_vertex_array GL_EXT_Cg_shader GL_EXT_depth_bounds_test GL_EXT_direct_state_access GL_EXT_draw_buffers2 GL_EXT_draw_instanced GL_EXT_draw_range_elements GL_EXT_fog_coord GL_EXT_framebuffer_blit GL_EXT_framebuffer_multisample GL_EXTX_framebuffer_mixed_formats GL_EXT_framebuffer_multisample_blit_scaled GL_EXT_framebuffer_object GL_EXT_framebuffer_sRGB GL_EXT_geometry_shader4 GL_EXT_gpu_program_parameters GL_EXT_gpu_shader4 GL_EXT_multi_draw_arrays GL_EXT_packed_depth_stencil GL_EXT_packed_float GL_EXT_packed_pixels GL_EXT_pixel_buffer_object GL_EXT_point_parameters GL_EXT_polygon_offset_clamp GL_EXT_provoking_vertex GL_EXT_rescale_normal GL_EXT_secondary_color GL_EXT_separate_shader_objects GL_EXT_separate_specular_color GL_EXT_shader_image_load_store GL_EXT_shader_integer_mix GL_EXT_shadow_funcs GL_EXT_stencil_two_side GL_EXT_stencil_wrap GL_EXT_texture3D GL_EXT_texture_array GL_EXT_texture_buffer_object GL_EXT_texture_compression_dxt1 GL_EXT_texture_compression_latc GL_EXT_texture_compression_rgtc GL_EXT_texture_compression_s3tc GL_EXT_texture_cube_map GL_EXT_texture_edge_clamp GL_EXT_texture_env_combine GL_EXT_texture_env_dot3 GL_EXT_texture_filter_anisotropic GL_EXT_texture_integer GL_EXT_texture_lod GL_EXT_texture_lod_bias GL_EXT_texture_mirror_clamp GL_EXT_texture_object GL_EXT_texture_shared_exponent GL_EXT_texture_sRGB GL_EXT_texture_sRGB_decode GL_EXT_texture_storage GL_EXT_texture_swizzle GL_EXT_timer_query GL_EXT_transform_feedback2 GL_EXT_vertex_array GL_EXT_vertex_array_bgra GL_EXT_vertex_attrib_64bit GL_EXT_window_rectangles GL_EXT_x11_sync_object GL_EXT_import_sync_object GL_NV_robustness_video_memory_purge GL_IBM_rasterpos_clip GL_IBM_texture_mirrored_repeat GL_KHR_context_flush_control GL_KHR_debug GL_KHR_parallel_shader_compile GL_KHR_no_error GL_KHR_robust_buffer_access_behavior GL_KHR_robustness GL_KTX_buffer_region GL_NV_alpha_to_coverage_dither_control GL_NV_bindless_multi_draw_indirect GL_NV_bindless_multi_draw_indirect_count GL_NV_blend_equation_advanced GL_NV_blend_square GL_NV_command_list GL_NV_compute_program5 GL_NV_conditional_render GL_NV_copy_depth_to_color GL_NV_copy_image GL_NV_depth_buffer_float GL_NV_depth_clamp GL_NV_draw_texture GL_NV_ES1_1_compatibility GL_NV_ES3_1_compatibility GL_NV_explicit_multisample GL_NV_fence GL_NV_float_buffer GL_NV_fog_distance GL_NV_fragment_program GL_NV_fragment_program_option GL_NV_fragment_program2 GL_NV_framebuffer_multisample_coverage GL_NV_geometry_shader4 GL_NV_gpu_program4 GL_NV_internalformat_sample_query GL_NV_gpu_program4_1 GL_NV_gpu_program5 GL_NV_gpu_program5_mem_extended GL_NV_gpu_program_fp64 GL_NV_gpu_shader5 GL_NV_half_float GL_NV_light_max_exponent GL_NV_multisample_coverage GL_NV_multisample_filter_hint GL_NV_occlusion_query GL_NV_packed_depth_stencil GL_NV_parameter_buffer_object GL_NV_parameter_buffer_object2 GL_NV_path_rendering GL_NV_pixel_data_range GL_NV_point_sprite GL_NV_primitive_restart GL_NV_query_resource GL_NV_query_resource_tag GL_NV_register_combiners GL_NV_register_combiners2 GL_NV_shader_atomic_counters GL_NV_shader_atomic_float GL_NV_shader_buffer_load GL_NV_shader_storage_buffer_object GL_NV_texgen_reflection GL_NV_texture_barrier GL_NV_texture_compression_vtc GL_NV_texture_env_combine4 GL_NV_texture_multisample GL_NV_texture_rectangle GL_NV_texture_rectangle_compressed GL_NV_texture_shader GL_NV_texture_shader2 GL_NV_texture_shader3 GL_NV_transform_feedback GL_NV_transform_feedback2 GL_NV_uniform_buffer_unified_memory GL_NV_vdpau_interop GL_NV_vertex_array_range GL_NV_vertex_array_range2 GL_NV_vertex_attrib_integer_64bit GL_NV_vertex_buffer_unified_memory GL_NV_vertex_program GL_NV_vertex_program1_1 GL_NV_vertex_program2 GL_NV_vertex_program2_option GL_NV_vertex_program3 GL_NVX_conditional_render GL_NVX_gpu_memory_info GL_NV_shader_thread_group GL_KHR_blend_equation_advanced GL_SGIS_generate_mipmap GL_SGIS_texture_lod GL_SGIX_depth_texture GL_SGIX_shadow GL_SUN_slice_accum 

---------------------------
Current buffers bit depths:
  Color (red / green / blue / alpha): 8 / 8 / 8 / 0
  Depth: 24
  Index: 0
  Stencil: 0
  Accumulation (red / green / blue / alpha): 16 / 16 / 16 / 16
  Double buffer: True
  Multi-sampling (full-screen anti-aliasing) possible: True
    Current: 1 samples per pixel

-------------
Stack depths:
  Attributes: 16
  Client attributes: 16
  Modelview: 32
  Projection: 4
  Texture: 10
  Name: 128

-------
Limits:
  Max clip planes: 8
  Max lights (fixed-function limit): 8
  Max eval order: 8
  Max list nesting: 64
  Max pixel map table: 65536
  Max texture size: 16384
  Max viewport dims (width, height): 16384 16384
  Max texture units (shader pipeline): 32
  Max texture units (fixed-function): 4
  Max cube map texture size: 16384
  Max 3d texture size: 2048
  Max texture max anisotropy: 16
  Query counter bits (for occlusion query): 32
  Max renderbuffer size: 16384

-------
Memory (in Kb):
  Total: 1048576
  Current: 933824
  Current for VBO: 0 (unknown)
  Current for Textures: 0 (unknown)
  Current for Renderbuffers: 0 (unknown)
-------------------- Rendering Context Initialization end
Start : 0.084 : 
Path: Program data path detected as "file:///home/simon/src/IsoTest/data/"
ProcTimer (LoadScene) = 0.262 seconds
FormDestroy : 5.457 : 
WindowClose : 5.457 : 
[FORMS.PP] ExceptionOccurred 
  Sender=EAccessViolation
  Exception=Access violation
  Stack trace:
  $00000000007BA238  REMOVE,  line 5447 of ../src/ui/opengl/castleuicontrols.pas
  $0000000000559F51  DESTROY,  line 5128 of include/control.inc
  $000000000054842F  DESTROY,  line 6644 of include/wincontrol.inc
  $0000000000B5356C  DESTROY,  line 569 of openglcontext.pas
  $000000000078A787  DESTROY,  line 920 of ../src/lcl/castlecontrol.pas
  $0000000000559F51  DESTROY,  line 5128 of include/control.inc
  $000000000054842F  DESTROY,  line 6644 of include/wincontrol.inc
  $000000000055C805  DESTROY,  line 40 of include/customcontrol.inc
  $000000000044B2B5  DESTROY,  line 316 of include/scrollingwincontrol.inc
  $000000000044CB49  DESTROY,  line 212 of include/customform.inc
  $00000000004309CB
  $0000000000448433  BEFOREFINALIZATION,  line 1934 of forms.pp
  $00000000004354A9
Exception at 00000000007BA238: EAccessViolation:
Access violation.
Heap dump by heaptrc unit of /home/simon/src/IsoTest/IsoTestLaz
156251 memory blocks allocated : 56950714/57040760
156223 memory blocks freed     : 56946931/57036976
28 unfreed memory blocks : 3783
True heap size : 1441792
True free heap : 1431936
Should be : 1432632
Call trace for block $00007FA467229900 size 48
  $00000000009DF726  WRITELOG,  line 421 of ../src/base/castlelog.pas
  $000000000044E85C  DODESTROY,  line 976 of include/customform.inc
  $000000000044CA38  BEFOREDESTRUCTION,  line 184 of include/customform.inc
  $000000000044CA6A  DESTROY,  line 198 of include/customform.inc
  $00000000004A67A6
  $00000000004309CB
  $00000000004480B9  INTERFACES_$$_finalize$,  line 38 of gtk2/interfaces.pas
  $00000000004352B7
  $00000000004309CB
  $0000000000448433  BEFOREFINALIZATION,  line 1934 of forms.pp
  $00000000004354A9
Call trace for block $00007FA467229A00 size 48
  $00000000009DF726  WRITELOG,  line 421 of ../src/base/castlelog.pas
  $000000000044E85C  DODESTROY,  line 976 of include/customform.inc
  $000000000044CA38  BEFOREDESTRUCTION,  line 184 of include/customform.inc
  $000000000044CA6A  DESTROY,  line 198 of include/customform.inc
  $00000000004A67A6
  $00000000004309CB
  $00000000004480B9  INTERFACES_$$_finalize$,  line 38 of gtk2/interfaces.pas
  $00000000004352B7
  $00000000004309CB
  $0000000000448433  BEFOREFINALIZATION,  line 1934 of forms.pp
  $00000000004354A9
Call trace for block $00007FA467229B00 size 48
  $00000000009DF726  WRITELOG,  line 421 of ../src/base/castlelog.pas
  $000000000044E85C  DODESTROY,  line 976 of include/customform.inc
  $000000000044CA38  BEFOREDESTRUCTION,  line 184 of include/customform.inc
  $000000000044CA6A  DESTROY,  line 198 of include/customform.inc
  $00000000004A67A6
  $00000000004309CB
  $00000000004480B9  INTERFACES_$$_finalize$,  line 38 of gtk2/interfaces.pas
  $00000000004352B7
  $00000000004309CB
  $0000000000448433  BEFOREFINALIZATION,  line 1934 of forms.pp
  $00000000004354A9
Call trace for block $00007FA467229C00 size 48
  $00000000009DF726  WRITELOG,  line 421 of ../src/base/castlelog.pas
  $000000000044E85C  DODESTROY,  line 976 of include/customform.inc
  $000000000044CA38  BEFOREDESTRUCTION,  line 184 of include/customform.inc
  $000000000044CA6A  DESTROY,  line 198 of include/customform.inc
  $00000000004A67A6
  $00000000004309CB
  $00000000004480B9  INTERFACES_$$_finalize$,  line 38 of gtk2/interfaces.pas
  $00000000004352B7
  $00000000004309CB
  $0000000000448433  BEFOREFINALIZATION,  line 1934 of forms.pp
  $00000000004354A9
Call trace for block $00007FA467229D00 size 48
  $00000000009DF726  WRITELOG,  line 421 of ../src/base/castlelog.pas
  $000000000044E85C  DODESTROY,  line 976 of include/customform.inc
  $000000000044CA38  BEFOREDESTRUCTION,  line 184 of include/customform.inc
  $000000000044CA6A  DESTROY,  line 198 of include/customform.inc
  $00000000004A67A6
  $00000000004309CB
  $00000000004480B9  INTERFACES_$$_finalize$,  line 38 of gtk2/interfaces.pas
  $00000000004352B7
  $00000000004309CB
  $0000000000448433  BEFOREFINALIZATION,  line 1934 of forms.pp
  $00000000004354A9
Call trace for block $00007FA467170400 size 48
  $00000000009DF726  WRITELOG,  line 421 of ../src/base/castlelog.pas
  $000000000044E85C  DODESTROY,  line 976 of include/customform.inc
  $000000000044CA38  BEFOREDESTRUCTION,  line 184 of include/customform.inc
  $000000000044CA6A  DESTROY,  line 198 of include/customform.inc
  $00000000004A67A6
  $00000000004309CB
  $00000000004480B9  INTERFACES_$$_finalize$,  line 38 of gtk2/interfaces.pas
  $00000000004352B7
  $00000000004309CB
  $0000000000448433  BEFOREFINALIZATION,  line 1934 of forms.pp
  $00000000004354A9
  $000000000041F0AE  main,  line 24 of IsoTestLaz.lpr
Call trace for block $00007FA467170500 size 48
  $00000000009DF726  WRITELOG,  line 421 of ../src/base/castlelog.pas
  $000000000044E85C  DODESTROY,  line 976 of include/customform.inc
  $000000000044CA38  BEFOREDESTRUCTION,  line 184 of include/customform.inc
  $000000000044CA6A  DESTROY,  line 198 of include/customform.inc
  $00000000004A67A6
  $00000000004309CB
  $00000000004480B9  INTERFACES_$$_finalize$,  line 38 of gtk2/interfaces.pas
  $00000000004352B7
  $00000000004309CB
  $0000000000448433  BEFOREFINALIZATION,  line 1934 of forms.pp
  $00000000004354A9
  $000000000054B060  HANDLENEEDED,  line 7900 of include/wincontrol.inc
  $000000000045E0FB  CREATEFORM,  line 2254 of include/application.inc
  $000000000041F0AE  main,  line 24 of IsoTestLaz.lpr
Call trace for block $00007FA467170300 size 48
  $00000000009DF726  WRITELOG,  line 421 of ../src/base/castlelog.pas
  $000000000044E85C  DODESTROY,  line 976 of include/customform.inc
  $000000000044CA38  BEFOREDESTRUCTION,  line 184 of include/customform.inc
  $000000000044CA6A  DESTROY,  line 198 of include/customform.inc
  $00000000004A67A6
  $00000000004309CB
  $00000000004480B9  INTERFACES_$$_finalize$,  line 38 of gtk2/interfaces.pas
  $00000000004352B7
  $00000000004309CB
  $0000000000448433  BEFOREFINALIZATION,  line 1934 of forms.pp
  $00000000004354A9
Call trace for block $00007FA467F50300 size 48
  $00000000009DF726  WRITELOG,  line 421 of ../src/base/castlelog.pas
  $000000000044E85C  DODESTROY,  line 976 of include/customform.inc
  $000000000044CA38  BEFOREDESTRUCTION,  line 184 of include/customform.inc
  $000000000044CA6A  DESTROY,  line 198 of include/customform.inc
  $00000000004A67A6
  $00000000004309CB
  $00000000004480B9  INTERFACES_$$_finalize$,  line 38 of gtk2/interfaces.pas
  $00000000004352B7
  $00000000004309CB
  $0000000000448433  BEFOREFINALIZATION,  line 1934 of forms.pp
  $00000000004354A9
Call trace for block $00007FA467F50200 size 48
  $00000000009DF726  WRITELOG,  line 421 of ../src/base/castlelog.pas
  $000000000044E85C  DODESTROY,  line 976 of include/customform.inc
  $000000000044CA38  BEFOREDESTRUCTION,  line 184 of include/customform.inc
  $000000000044CA6A  DESTROY,  line 198 of include/customform.inc
  $00000000004A67A6
  $00000000004309CB
  $00000000004480B9  INTERFACES_$$_finalize$,  line 38 of gtk2/interfaces.pas
  $00000000004352B7
  $00000000004309CB
  $0000000000448433  BEFOREFINALIZATION,  line 1934 of forms.pp
  $00000000004354A9
Call trace for block $00007FA4679B5680 size 128
  $00000000009DF726  WRITELOG,  line 421 of ../src/base/castlelog.pas
  $000000000044E85C  DODESTROY,  line 976 of include/customform.inc
  $000000000044CA38  BEFOREDESTRUCTION,  line 184 of include/customform.inc
  $000000000044CA6A  DESTROY,  line 198 of include/customform.inc
  $00000000004A67A6
  $00000000004309CB
  $00000000004480B9  INTERFACES_$$_finalize$,  line 38 of gtk2/interfaces.pas
  $00000000004352B7
  $00000000004309CB
  $0000000000448433  BEFOREFINALIZATION,  line 1934 of forms.pp
  $00000000004354A9
Call trace for block $00007FA4679BA7A0 size 128
  $0000000000431FF1
  $0000000000559F51  DESTROY,  line 5128 of include/control.inc
  $000000000054842F  DESTROY,  line 6644 of include/wincontrol.inc
  $0000000000B5356C  DESTROY,  line 569 of openglcontext.pas
  $000000000078A787  DESTROY,  line 920 of ../src/lcl/castlecontrol.pas
  $0000000000559F51  DESTROY,  line 5128 of include/control.inc
  $000000000054842F  DESTROY,  line 6644 of include/wincontrol.inc
  $000000000055C805  DESTROY,  line 40 of include/customcontrol.inc
  $000000000044B2B5  DESTROY,  line 316 of include/scrollingwincontrol.inc
  $000000000044CB49  DESTROY,  line 212 of include/customform.inc
  $00000000004309CB
  $0000000000448433  BEFOREFINALIZATION,  line 1934 of forms.pp
  $00000000004354A9
Call trace for block $00007FA467171500 size 40
  $0000000000431FF1
  $0000000000559F51  DESTROY,  line 5128 of include/control.inc
  $000000000054842F  DESTROY,  line 6644 of include/wincontrol.inc
  $0000000000B5356C  DESTROY,  line 569 of openglcontext.pas
  $000000000078A787  DESTROY,  line 920 of ../src/lcl/castlecontrol.pas
  $0000000000559F51  DESTROY,  line 5128 of include/control.inc
  $000000000054842F  DESTROY,  line 6644 of include/wincontrol.inc
  $000000000055C805  DESTROY,  line 40 of include/customcontrol.inc
  $000000000044B2B5  DESTROY,  line 316 of include/scrollingwincontrol.inc
  $000000000044CB49  DESTROY,  line 212 of include/customform.inc
  $00000000004309CB
  $0000000000448433  BEFOREFINALIZATION,  line 1934 of forms.pp
  $00000000004354A9
Call trace for block $00007FA467171400 size 24
  $0000000000559F51  DESTROY,  line 5128 of include/control.inc
  $000000000054842F  DESTROY,  line 6644 of include/wincontrol.inc
  $0000000000B5356C  DESTROY,  line 569 of openglcontext.pas
  $000000000078A787  DESTROY,  line 920 of ../src/lcl/castlecontrol.pas
  $0000000000559F51  DESTROY,  line 5128 of include/control.inc
  $000000000054842F  DESTROY,  line 6644 of include/wincontrol.inc
  $000000000055C805  DESTROY,  line 40 of include/customcontrol.inc
  $000000000044B2B5  DESTROY,  line 316 of include/scrollingwincontrol.inc
  $000000000044CB49  DESTROY,  line 212 of include/customform.inc
  $00000000004309CB
  $0000000000448433  BEFOREFINALIZATION,  line 1934 of forms.pp
  $00000000004354A9
Call trace for block $00007FA46715BD00 size 32
  $000000000078CD0D  START,  line 188 of maingameunit.pas
  $0000000000788CF3  INTERNALSTART,  line 661 of ../src/ui/opengl/castleuistate.pas
  $000000000078A1DC  EVENTOPEN,  line 806 of ../src/lcl/castlecontrol.pas
  $0000000000430F6A
  $0000000000545A89  WNDPROC,  line 5411 of include/wincontrol.inc
  $000000000070D9B2  DELIVERMESSAGE,  line 112 of lclmessageglue.pas
  $0000000000615CD0  DELIVERMESSAGE,  line 3780 of gtk2/gtk2proc.inc
  $00000000006208A6  DODELIVERPAINTMESSAGE,  line 27 of gtk2/gtk2callback.inc
  $000000000062096A  DELIVERPAINTMESSAGE,  line 45 of gtk2/gtk2callback.inc
  $0000000000620B5B  DELIVERGTKPAINTMESSAGE,  line 103 of gtk2/gtk2callback.inc
  $0000000000621882  GTKEXPOSEEVENTAFTER,  line 624 of gtk2/gtk2callback.inc
Call trace for block $00007FA4679C3C80 size 104
  $000000000078CD0D  START,  line 188 of maingameunit.pas
  $0000000000788CF3  INTERNALSTART,  line 661 of ../src/ui/opengl/castleuistate.pas
  $000000000078A1DC  EVENTOPEN,  line 806 of ../src/lcl/castlecontrol.pas
  $0000000000430F6A
  $0000000000545A89  WNDPROC,  line 5411 of include/wincontrol.inc
  $000000000070D9B2  DELIVERMESSAGE,  line 112 of lclmessageglue.pas
  $0000000000615CD0  DELIVERMESSAGE,  line 3780 of gtk2/gtk2proc.inc
  $00000000006208A6  DODELIVERPAINTMESSAGE,  line 27 of gtk2/gtk2callback.inc
  $000000000062096A  DELIVERPAINTMESSAGE,  line 45 of gtk2/gtk2callback.inc
  $0000000000620B5B  DELIVERGTKPAINTMESSAGE,  line 103 of gtk2/gtk2callback.inc
  $0000000000621882  GTKEXPOSEEVENTAFTER,  line 624 of gtk2/gtk2callback.inc
Call trace for block $00007FA46715BC00 size 24
  $000000000078CD0D  START,  line 188 of maingameunit.pas
  $0000000000788CF3  INTERNALSTART,  line 661 of ../src/ui/opengl/castleuistate.pas
  $000000000078A1DC  EVENTOPEN,  line 806 of ../src/lcl/castlecontrol.pas
  $0000000000430F6A
  $0000000000545A89  WNDPROC,  line 5411 of include/wincontrol.inc
  $000000000070D9B2  DELIVERMESSAGE,  line 112 of lclmessageglue.pas
  $0000000000615CD0  DELIVERMESSAGE,  line 3780 of gtk2/gtk2proc.inc
  $00000000006208A6  DODELIVERPAINTMESSAGE,  line 27 of gtk2/gtk2callback.inc
  $000000000062096A  DELIVERPAINTMESSAGE,  line 45 of gtk2/gtk2callback.inc
  $0000000000620B5B  DELIVERGTKPAINTMESSAGE,  line 103 of gtk2/gtk2callback.inc
  $0000000000621882  GTKEXPOSEEVENTAFTER,  line 624 of gtk2/gtk2callback.inc
Call trace for block $00007FA46715BB00 size 48
  $000000000078CD0D  START,  line 188 of maingameunit.pas
  $0000000000788CF3  INTERNALSTART,  line 661 of ../src/ui/opengl/castleuistate.pas
  $000000000078A1DC  EVENTOPEN,  line 806 of ../src/lcl/castlecontrol.pas
  $0000000000430F6A
  $0000000000545A89  WNDPROC,  line 5411 of include/wincontrol.inc
  $000000000070D9B2  DELIVERMESSAGE,  line 112 of lclmessageglue.pas
  $0000000000615CD0  DELIVERMESSAGE,  line 3780 of gtk2/gtk2proc.inc
  $00000000006208A6  DODELIVERPAINTMESSAGE,  line 27 of gtk2/gtk2callback.inc
  $000000000062096A  DELIVERPAINTMESSAGE,  line 45 of gtk2/gtk2callback.inc
  $0000000000620B5B  DELIVERGTKPAINTMESSAGE,  line 103 of gtk2/gtk2callback.inc
  $0000000000621882  GTKEXPOSEEVENTAFTER,  line 624 of gtk2/gtk2callback.inc
Call trace for block $00007FA46715BA00 size 40
  $000000000078CD0D  START,  line 188 of maingameunit.pas
  $0000000000788CF3  INTERNALSTART,  line 661 of ../src/ui/opengl/castleuistate.pas
  $000000000078A1DC  EVENTOPEN,  line 806 of ../src/lcl/castlecontrol.pas
  $0000000000430F6A
  $0000000000545A89  WNDPROC,  line 5411 of include/wincontrol.inc
  $000000000070D9B2  DELIVERMESSAGE,  line 112 of lclmessageglue.pas
  $0000000000615CD0  DELIVERMESSAGE,  line 3780 of gtk2/gtk2proc.inc
  $00000000006208A6  DODELIVERPAINTMESSAGE,  line 27 of gtk2/gtk2callback.inc
  $000000000062096A  DELIVERPAINTMESSAGE,  line 45 of gtk2/gtk2callback.inc
  $0000000000620B5B  DELIVERGTKPAINTMESSAGE,  line 103 of gtk2/gtk2callback.inc
  $0000000000621882  GTKEXPOSEEVENTAFTER,  line 624 of gtk2/gtk2callback.inc
Call trace for block $00007FA467172A00 size 48
  $000000000078645A  PREPAREADDINGITEM,  line 1248 of generics.collections.pas
  $000000000078A1DC  EVENTOPEN,  line 806 of ../src/lcl/castlecontrol.pas
  $0000000000430F6A
  $0000000000545A89  WNDPROC,  line 5411 of include/wincontrol.inc
  $000000000070D9B2  DELIVERMESSAGE,  line 112 of lclmessageglue.pas
  $0000000000615CD0  DELIVERMESSAGE,  line 3780 of gtk2/gtk2proc.inc
  $00000000006208A6  DODELIVERPAINTMESSAGE,  line 27 of gtk2/gtk2callback.inc
  $000000000062096A  DELIVERPAINTMESSAGE,  line 45 of gtk2/gtk2callback.inc
  $0000000000620B5B  DELIVERGTKPAINTMESSAGE,  line 103 of gtk2/gtk2callback.inc
  $0000000000621882  GTKEXPOSEEVENTAFTER,  line 624 of gtk2/gtk2callback.inc
Call trace for block $00007FA4671B9640 size 56
  $000000000078A1DC  EVENTOPEN,  line 806 of ../src/lcl/castlecontrol.pas
  $0000000000430F6A
  $0000000000545A89  WNDPROC,  line 5411 of include/wincontrol.inc
  $000000000070D9B2  DELIVERMESSAGE,  line 112 of lclmessageglue.pas
  $0000000000615CD0  DELIVERMESSAGE,  line 3780 of gtk2/gtk2proc.inc
  $00000000006208A6  DODELIVERPAINTMESSAGE,  line 27 of gtk2/gtk2callback.inc
  $000000000062096A  DELIVERPAINTMESSAGE,  line 45 of gtk2/gtk2callback.inc
  $0000000000620B5B  DELIVERGTKPAINTMESSAGE,  line 103 of gtk2/gtk2callback.inc
  $0000000000621882  GTKEXPOSEEVENTAFTER,  line 624 of gtk2/gtk2callback.inc
  $0000000000621882  GTKEXPOSEEVENTAFTER,  line 624 of gtk2/gtk2callback.inc
  $0000000000620B5B  DELIVERGTKPAINTMESSAGE,  line 103 of gtk2/gtk2callback.inc
  $0000000000621882  GTKEXPOSEEVENTAFTER,  line 624 of gtk2/gtk2callback.inc
Call trace for block $00007FA467170F00 size 48
  $000000000078A1DC  EVENTOPEN,  line 806 of ../src/lcl/castlecontrol.pas
  $0000000000430F6A
  $0000000000545A89  WNDPROC,  line 5411 of include/wincontrol.inc
  $000000000070D9B2  DELIVERMESSAGE,  line 112 of lclmessageglue.pas
  $0000000000615CD0  DELIVERMESSAGE,  line 3780 of gtk2/gtk2proc.inc
  $00000000006208A6  DODELIVERPAINTMESSAGE,  line 27 of gtk2/gtk2callback.inc
  $000000000062096A  DELIVERPAINTMESSAGE,  line 45 of gtk2/gtk2callback.inc
  $0000000000620B5B  DELIVERGTKPAINTMESSAGE,  line 103 of gtk2/gtk2callback.inc
  $0000000000621882  GTKEXPOSEEVENTAFTER,  line 624 of gtk2/gtk2callback.inc
  $000000000045E071  CREATEFORM,  line 2239 of include/application.inc
  $000000000041F0AE  main,  line 24 of IsoTestLaz.lpr
Call trace for block $00007FA467171F00 size 48
  $000000000078A1DC  EVENTOPEN,  line 806 of ../src/lcl/castlecontrol.pas
  $0000000000430F6A
  $0000000000545A89  WNDPROC,  line 5411 of include/wincontrol.inc
  $000000000070D9B2  DELIVERMESSAGE,  line 112 of lclmessageglue.pas
  $0000000000615CD0  DELIVERMESSAGE,  line 3780 of gtk2/gtk2proc.inc
  $00000000006208A6  DODELIVERPAINTMESSAGE,  line 27 of gtk2/gtk2callback.inc
  $000000000062096A  DELIVERPAINTMESSAGE,  line 45 of gtk2/gtk2callback.inc
  $0000000000620B5B  DELIVERGTKPAINTMESSAGE,  line 103 of gtk2/gtk2callback.inc
  $0000000000621882  GTKEXPOSEEVENTAFTER,  line 624 of gtk2/gtk2callback.inc
  $0000000000620B5B  DELIVERGTKPAINTMESSAGE,  line 103 of gtk2/gtk2callback.inc
  $0000000000621882  GTKEXPOSEEVENTAFTER,  line 624 of gtk2/gtk2callback.inc
Call trace for block $00007FA4671B9520 size 72
  $000000000078A1DC  EVENTOPEN,  line 806 of ../src/lcl/castlecontrol.pas
  $0000000000430F6A
  $0000000000545A89  WNDPROC,  line 5411 of include/wincontrol.inc
  $000000000070D9B2  DELIVERMESSAGE,  line 112 of lclmessageglue.pas
  $0000000000615CD0  DELIVERMESSAGE,  line 3780 of gtk2/gtk2proc.inc
  $00000000006208A6  DODELIVERPAINTMESSAGE,  line 27 of gtk2/gtk2callback.inc
  $000000000062096A  DELIVERPAINTMESSAGE,  line 45 of gtk2/gtk2callback.inc
  $0000000000620B5B  DELIVERGTKPAINTMESSAGE,  line 103 of gtk2/gtk2callback.inc
  $0000000000621882  GTKEXPOSEEVENTAFTER,  line 624 of gtk2/gtk2callback.inc
  $0000000000621882  GTKEXPOSEEVENTAFTER,  line 624 of gtk2/gtk2callback.inc
Call trace for block $00007FA4671B9760 size 64
  $000000000078A1DC  EVENTOPEN,  line 806 of ../src/lcl/castlecontrol.pas
  $0000000000430F6A
  $0000000000545A89  WNDPROC,  line 5411 of include/wincontrol.inc
  $000000000070D9B2  DELIVERMESSAGE,  line 112 of lclmessageglue.pas
  $0000000000615CD0  DELIVERMESSAGE,  line 3780 of gtk2/gtk2proc.inc
  $00000000006208A6  DODELIVERPAINTMESSAGE,  line 27 of gtk2/gtk2callback.inc
  $000000000062096A  DELIVERPAINTMESSAGE,  line 45 of gtk2/gtk2callback.inc
  $0000000000620B5B  DELIVERGTKPAINTMESSAGE,  line 103 of gtk2/gtk2callback.inc
  $0000000000621882  GTKEXPOSEEVENTAFTER,  line 624 of gtk2/gtk2callback.inc
  $0000000000621882  GTKEXPOSEEVENTAFTER,  line 624 of gtk2/gtk2callback.inc
Call trace for block $00007FA467189BF0 size 600
  $000000000078A1DC  EVENTOPEN,  line 806 of ../src/lcl/castlecontrol.pas
  $0000000000430F6A
  $0000000000545A89  WNDPROC,  line 5411 of include/wincontrol.inc
  $000000000070D9B2  DELIVERMESSAGE,  line 112 of lclmessageglue.pas
  $0000000000615CD0  DELIVERMESSAGE,  line 3780 of gtk2/gtk2proc.inc
  $00000000006208A6  DODELIVERPAINTMESSAGE,  line 27 of gtk2/gtk2callback.inc
  $000000000062096A  DELIVERPAINTMESSAGE,  line 45 of gtk2/gtk2callback.inc
  $0000000000620B5B  DELIVERGTKPAINTMESSAGE,  line 103 of gtk2/gtk2callback.inc
  $0000000000621882  GTKEXPOSEEVENTAFTER,  line 624 of gtk2/gtk2callback.inc
  $0000000000621882  GTKEXPOSEEVENTAFTER,  line 624 of gtk2/gtk2callback.inc
  $F0F0F0F0F0F0F0F0
  $F0F0F0F0F0F0F0F0
  $F0F0F0F0F0F0F0F0
  $F0F0F0F0F0F0F0F0
  $F0F0F0F0F0F0F0F0
  $EFF0F0F0F0F0F0F0
Call trace for block $00007FA467F92430 size 1768
  $00000000004B0901
  $00000000004B0FA4
  $00000000004B29DC
  $0000000000645D24  INITLAZRESOURCECOMPONENT,  line 3183 of lresources.pp
  $000000000063DFB0  INITRESOURCECOMPONENT,  line 804 of lresources.pp
  $000000000045192B  PROCESSRESOURCE,  line 2069 of include/customform.inc
  $00000000004517CA  CREATE,  line 2057 of include/customform.inc
  $000000000045483F  CREATE,  line 3183 of include/customform.inc
  $000000000045E071  CREATEFORM,  line 2239 of include/application.inc
  $000000000041F0AE  main,  line 24 of IsoTestLaz.lpr
Call trace for block $00007FA467171000 size 31
  $0000000000647E02  BEGINCOMPONENT,  line 4041 of lresources.pp
  $00000000004B0703
  $00000000004B0FA4
  $00000000004B29DC
  $0000000000645D24  INITLAZRESOURCECOMPONENT,  line 3183 of lresources.pp
  $000000000063DFB0  INITRESOURCECOMPONENT,  line 804 of lresources.pp
  $000000000045192B  PROCESSRESOURCE,  line 2069 of include/customform.inc
  $00000000004517CA  CREATE,  line 2057 of include/customform.inc
  $000000000045483F  CREATE,  line 3183